130681400010 河北省 保定市 涿州市 高新技术产业开发区管理委员会 开发区工业园区社区居委会
131171401498 河北省 衡水市 河北衡水高新技术产业开发区 新型功能材料产业园 材料产业园虚拟社区
140271400401 山西省 大同市 山西大同经济开发区 经济技术开发区乡级单位 高新技术产业园区类似社区
140271400402 山西省 大同市 山西大同经济开发区 经济技术开发区乡级单位 新能源产业园区类似社区
140271400404 山西省 大同市 山西大同经济开发区 经济技术开发区乡级单位 空港物流园区类似社区
130681400010 河北省 保定市 涿州市 高新技术产业开发区管理委员会 开发区工业园区社区居委会
131171401498 河北省 衡水市 河北衡水高新技术产业开发区 新型功能材料产业园 材料产业园虚拟社区
140271400401 山西省 大同市 山西大同经济开发区 经济技术开发区乡级单位 高新技术产业园区类似社区
140271400402 山西省 大同市 山西大同经济开发区 经济技术开发区乡级单位 新能源产业园区类似社区
140271400404 山西省 大同市 山西大同经济开发区 经济技术开发区乡级单位 空港物流园区类似社区
150422400498 内蒙古自治区 赤峰市 巴林左旗 上京高新技术产业集中区 上京高新技术产业集中区虚拟社区
150724402598 内蒙古自治区 呼伦贝尔市 鄂温克族自治旗 大雁马铃薯高新技术示范园区 马铃薯高新技术示范园区虚拟生活区
150928106400 内蒙古自治区 乌兰察布市 察哈尔右翼后旗 察哈尔右翼后旗土牧尔台镇 察右后旗土牧尔台皮毛绒肉加工工业园区
152921401498 内蒙古自治区 阿拉善盟 阿拉善左旗 腾格里经济技术开发区 腾格里经济技术开发区虚拟社区
220721411598 吉林省 松原市 前郭尔罗斯蒙古族自治县 长山余热鱼苗繁殖场 长山余热鱼苗繁殖场虚拟生活区
232761400501 黑龙江省 大兴安岭地区 加格达奇区 加格达奇林业局 翠峰林场生活区
232761400502 黑龙江省 大兴安岭地区 加格达奇区 加格达奇林业局 大黑山管护区生活区
232761400506 黑龙江省 大兴安岭地区 加格达奇区 加格达奇林业局 达金管护区生活区
232761400508 黑龙江省 大兴安岭地区 加格达奇区 加格达奇林业局 加东林场生活区
232761400509 黑龙江省 大兴安岭地区 加格达奇区 加格达奇林业局 大子扬山管护区生活区
232761400511 黑龙江省 大兴安岭地区 加格达奇区 加格达奇林业局 江边管护区生活区
232761400512 黑龙江省 大兴安岭地区 加格达奇区 加格达奇林业局 古中管护区生活区
232761400513 黑龙江省 大兴安岭地区 加格达奇区 加格达奇林业局 罕诺河管护区生活区
232761400514 黑龙江省 大兴安岭地区 加格达奇区 加格达奇林业局 古利库管护区生活区
232761400515 黑龙江省 大兴安岭地区 加格达奇区 加格达奇林业局 那都里管护区生活区
320381402498 江苏省 徐州市 新沂市 锡沂高新技术产业开发区 锡沂高新技术产业开发区虚拟社区
420112402498 湖北省 武汉市 东西湖区 海峡两岸科技产业管理处 海峡两岸科技产业管理处虚拟社区
460323451498 海南省 三沙市 中沙群岛的岛礁及其海域 中沙岛礁 中沙岛礁虚拟社区
540173400498 西藏自治区 拉萨市 西藏文化旅游创意园区 西藏文化旅游创意园区 西藏文化旅游创意园区管理委员会虚拟社区
654002400598 新疆维吾尔自治区 伊犁哈萨克自治州 伊宁市 伊犁州农业良种繁育中心 伊犁州农业良种繁育中心虚拟生活区
